
> kcc@0.1.0 dev
> next dev

▲ Next.js 16.2.0 (Turbopack)
- Local:         http://localhost:3000
- Network:       http://192.168.56.1:3000
✓ Ready in 1424ms
Creating turbopack project { dir: 'C:\\Users\\admin\\Keralacoderscafe', testMode: true }

○ Compiling /[slug] ...
 GET /toddy-shop-finder-opensource-project 200 in 5.4s
 GET /events 200 in 7.9s (next.js: 7.0s, application-code: 907ms)
 GET /toddy-shop-finder-opensource-project 200 in 12.9s (next.js: 11.1s, application-code: 1730ms)
 GET /toddy-shop-finder-opensource-project 200 in 3.2s (next.js: 1043ms, application-code: 2.2s)
 GET /manifest.webmanifest 200 in 2.1s (next.js: 2.0s, application-code: 74ms)
 GET /events/4 200 in 2.5s (next.js: 2.4s, application-code: 141ms)
✓ Compiled in 472ms
✓ Compiled in 221ms
 GET /manifest.webmanifest 200 in 138ms (next.js: 75ms, application-code: 63ms)
 GET /toddy-shop-finder-opensource-project 200 in 2.0s (next.js: 396ms, application-code: 1648ms)
 GET /manifest.webmanifest 200 in 88ms (next.js: 25ms, application-code: 63ms)
 GET /manifest.webmanifest 200 in 79ms (next.js: 30ms, application-code: 49ms)
✓ Compiled in 181ms
 GET /toddy-shop-finder-opensource-project 200 in 425ms (next.js: 332ms, application-code: 93ms)
 GET /manifest.webmanifest 200 in 36ms (next.js: 8ms, application-code: 28ms)
○ Compiling /join ...
 GET /events 200 in 94ms (next.js: 26ms, application-code: 68ms)
 GET /join 200 in 6.7s (next.js: 6.6s, application-code: 63ms)
 GET / 200 in 6.6s (next.js: 6.6s, application-code: 41ms)
 GET / 200 in 153ms (next.js: 6ms, application-code: 146ms)
 GET /manifest.webmanifest 200 in 23ms (next.js: 8ms, application-code: 15ms)
✓ Compiled in 474ms
✓ Compiled in 193ms
✓ Compiled in 261ms
✓ Compiled in 601ms
[?25h
